Checking for new versions...

Getting ready...
Ready! You are using Stripe API Version [2026-01-28.clover]. Your webhook signing secret is whsec_f408cf578d56b1719132f6fff7195584c877ded80fca577caf01274e849dfafb (^C to quit)
2026-03-18 20:21:19   --> checkout.session.completed [evt_1TCEPrCqKoUYavpqjYOoaiqe]
2026-03-18 20:21:22  <--  [200] POST http://localhost:4321/api/stripe-webhook [evt_1TCEPrCqKoUYavpqjYOoaiqe]
2026-03-18 20:21:22   --> invoice.paid [evt_1TCEPuCqKoUYavpq90LCCT4s]
2026-03-18 20:21:22  <--  [200] POST http://localhost:4321/api/stripe-webhook [evt_1TCEPuCqKoUYavpq90LCCT4s]
2026-03-18 20:27:42   --> checkout.session.completed [evt_1TCEW2CqKoUYavpq50X6uxQY]
2026-03-18 20:27:44  <--  [200] POST http://localhost:4321/api/stripe-webhook [evt_1TCEW2CqKoUYavpq50X6uxQY]
2026-03-18 20:27:45   --> invoice.paid [evt_1TCEW5CqKoUYavpqLNbEddOk]
2026-03-18 20:27:45  <--  [200] POST http://localhost:4321/api/stripe-webhook [evt_1TCEW5CqKoUYavpqLNbEddOk]
Session expired, reconnecting...
Ready! You are using Stripe API Version [2026-01-28.clover]. Your webhook signing secret is whsec_f408cf578d56b1719132f6fff7195584c877ded80fca577caf01274e849dfafb (^C to quit)
Session expired, reconnecting...
Ready! You are using Stripe API Version [2026-01-28.clover]. Your webhook signing secret is whsec_f408cf578d56b1719132f6fff7195584c877ded80fca577caf01274e849dfafb (^C to quit)
Session expired, reconnecting...
Ready! You are using Stripe API Version [2026-01-28.clover]. Your webhook signing secret is whsec_f408cf578d56b1719132f6fff7195584c877ded80fca577caf01274e849dfafb (^C to quit)
Session expired, reconnecting...
Ready! You are using Stripe API Version [2026-01-28.clover]. Your webhook signing secret is whsec_f408cf578d56b1719132f6fff7195584c877ded80fca577caf01274e849dfafb (^C to quit)
Session expired, reconnecting...
Ready! You are using Stripe API Version [2026-01-28.clover]. Your webhook signing secret is whsec_f408cf578d56b1719132f6fff7195584c877ded80fca577caf01274e849dfafb (^C to quit)
Session expired, reconnecting...
Ready! You are using Stripe API Version [2026-01-28.clover]. Your webhook signing secret is whsec_f408cf578d56b1719132f6fff7195584c877ded80fca577caf01274e849dfafb (^C to quit)
Session expired, reconnecting...
Ready! You are using Stripe API Version [2026-01-28.clover]. Your webhook signing secret is whsec_f408cf578d56b1719132f6fff7195584c877ded80fca577caf01274e849dfafb (^C to quit)
Session expired, reconnecting...
Ready! You are using Stripe API Version [2026-01-28.clover]. Your webhook signing secret is whsec_f408cf578d56b1719132f6fff7195584c877ded80fca577caf01274e849dfafb (^C to quit)
Session expired, reconnecting...
Ready! You are using Stripe API Version [2026-01-28.clover]. Your webhook signing secret is whsec_f408cf578d56b1719132f6fff7195584c877ded80fca577caf01274e849dfafb (^C to quit)
Session expired, reconnecting...
Ready! You are using Stripe API Version [2026-01-28.clover]. Your webhook signing secret is whsec_f408cf578d56b1719132f6fff7195584c877ded80fca577caf01274e849dfafb (^C to quit)
Session expired, reconnecting...
Ready! You are using Stripe API Version [2026-01-28.clover]. Your webhook signing secret is whsec_f408cf578d56b1719132f6fff7195584c877ded80fca577caf01274e849dfafb (^C to quit)
Session expired, reconnecting...
Ready! You are using Stripe API Version [2026-01-28.clover]. Your webhook signing secret is whsec_f408cf578d56b1719132f6fff7195584c877ded80fca577caf01274e849dfafb (^C to quit)
Session expired, reconnecting...
Ready! You are using Stripe API Version [2026-01-28.clover]. Your webhook signing secret is whsec_f408cf578d56b1719132f6fff7195584c877ded80fca577caf01274e849dfafb (^C to quit)
Session expired, reconnecting...
Ready! You are using Stripe API Version [2026-01-28.clover]. Your webhook signing secret is whsec_f408cf578d56b1719132f6fff7195584c877ded80fca577caf01274e849dfafb (^C to quit)
Session expired, reconnecting...
Ready! You are using Stripe API Version [2026-01-28.clover]. Your webhook signing secret is whsec_f408cf578d56b1719132f6fff7195584c877ded80fca577caf01274e849dfafb (^C to quit)
Session expired, reconnecting...
Ready! You are using Stripe API Version [2026-01-28.clover]. Your webhook signing secret is whsec_f408cf578d56b1719132f6fff7195584c877ded80fca577caf01274e849dfafb (^C to quit)
Session expired, reconnecting...
Ready! You are using Stripe API Version [2026-01-28.clover]. Your webhook signing secret is whsec_f408cf578d56b1719132f6fff7195584c877ded80fca577caf01274e849dfafb (^C to quit)
Session expired, reconnecting...
Ready! You are using Stripe API Version [2026-01-28.clover]. Your webhook signing secret is whsec_f408cf578d56b1719132f6fff7195584c877ded80fca577caf01274e849dfafb (^C to quit)
Session expired, reconnecting...
Ready! You are using Stripe API Version [2026-01-28.clover]. Your webhook signing secret is whsec_f408cf578d56b1719132f6fff7195584c877ded80fca577caf01274e849dfafb (^C to quit)
Session expired, reconnecting...
Ready! You are using Stripe API Version [2026-01-28.clover]. Your webhook signing secret is whsec_f408cf578d56b1719132f6fff7195584c877ded80fca577caf01274e849dfafb (^C to quit)
Session expired, reconnecting...
Ready! You are using Stripe API Version [2026-01-28.clover]. Your webhook signing secret is whsec_f408cf578d56b1719132f6fff7195584c877ded80fca577caf01274e849dfafb (^C to quit)
Session expired, reconnecting...
Ready! You are using Stripe API Version [2026-01-28.clover]. Your webhook signing secret is whsec_f408cf578d56b1719132f6fff7195584c877ded80fca577caf01274e849dfafb (^C to quit)
Session expired, reconnecting...
Ready! You are using Stripe API Version [2026-01-28.clover]. Your webhook signing secret is whsec_f408cf578d56b1719132f6fff7195584c877ded80fca577caf01274e849dfafb (^C to quit)
Session expired, reconnecting...
Ready! You are using Stripe API Version [2026-01-28.clover]. Your webhook signing secret is whsec_f408cf578d56b1719132f6fff7195584c877ded80fca577caf01274e849dfafb (^C to quit)
Session expired, reconnecting...
Ready! You are using Stripe API Version [2026-01-28.clover]. Your webhook signing secret is whsec_f408cf578d56b1719132f6fff7195584c877ded80fca577caf01274e849dfafb (^C to quit)
Session expired, reconnecting...
Ready! You are using Stripe API Version [2026-01-28.clover]. Your webhook signing secret is whsec_f408cf578d56b1719132f6fff7195584c877ded80fca577caf01274e849dfafb (^C to quit)
Session expired, reconnecting...
Ready! You are using Stripe API Version [2026-01-28.clover]. Your webhook signing secret is whsec_f408cf578d56b1719132f6fff7195584c877ded80fca577caf01274e849dfafb (^C to quit)
Session expired, reconnecting...
Ready! You are using Stripe API Version [2026-01-28.clover]. Your webhook signing secret is whsec_f408cf578d56b1719132f6fff7195584c877ded80fca577caf01274e849dfafb (^C to quit)
Session expired, reconnecting...
Ready! You are using Stripe API Version [2026-01-28.clover]. Your webhook signing secret is whsec_f408cf578d56b1719132f6fff7195584c877ded80fca577caf01274e849dfafb (^C to quit)
Session expired, reconnecting...
Ready! You are using Stripe API Version [2026-01-28.clover]. Your webhook signing secret is whsec_f408cf578d56b1719132f6fff7195584c877ded80fca577caf01274e849dfafb (^C to quit)
Session expired, reconnecting...
Ready! You are using Stripe API Version [2026-01-28.clover]. Your webhook signing secret is whsec_f408cf578d56b1719132f6fff7195584c877ded80fca577caf01274e849dfafb (^C to quit)
Session expired, reconnecting...
Ready! You are using Stripe API Version [2026-01-28.clover]. Your webhook signing secret is whsec_f408cf578d56b1719132f6fff7195584c877ded80fca577caf01274e849dfafb (^C to quit)
Session expired, reconnecting...
Ready! You are using Stripe API Version [2026-01-28.clover]. Your webhook signing secret is whsec_f408cf578d56b1719132f6fff7195584c877ded80fca577caf01274e849dfafb (^C to quit)
Session expired, reconnecting...
Ready! You are using Stripe API Version [2026-01-28.clover]. Your webhook signing secret is whsec_f408cf578d56b1719132f6fff7195584c877ded80fca577caf01274e849dfafb (^C to quit)
Session expired, reconnecting...
Ready! You are using Stripe API Version [2026-01-28.clover]. Your webhook signing secret is whsec_f408cf578d56b1719132f6fff7195584c877ded80fca577caf01274e849dfafb (^C to quit)
Session expired, reconnecting...
Ready! You are using Stripe API Version [2026-01-28.clover]. Your webhook signing secret is whsec_f408cf578d56b1719132f6fff7195584c877ded80fca577caf01274e849dfafb (^C to quit)
Session expired, reconnecting...
Ready! You are using Stripe API Version [2026-01-28.clover]. Your webhook signing secret is whsec_f408cf578d56b1719132f6fff7195584c877ded80fca577caf01274e849dfafb (^C to quit)
Session expired, reconnecting...
Ready! You are using Stripe API Version [2026-01-28.clover]. Your webhook signing secret is whsec_f408cf578d56b1719132f6fff7195584c877ded80fca577caf01274e849dfafb (^C to quit)
Session expired, reconnecting...
Ready! You are using Stripe API Version [2026-01-28.clover]. Your webhook signing secret is whsec_f408cf578d56b1719132f6fff7195584c877ded80fca577caf01274e849dfafb (^C to quit)
Session expired, reconnecting...
Ready! You are using Stripe API Version [2026-01-28.clover]. Your webhook signing secret is whsec_f408cf578d56b1719132f6fff7195584c877ded80fca577caf01274e849dfafb (^C to quit)
Session expired, reconnecting...
Ready! You are using Stripe API Version [2026-01-28.clover]. Your webhook signing secret is whsec_f408cf578d56b1719132f6fff7195584c877ded80fca577caf01274e849dfafb (^C to quit)
Session expired, reconnecting...
Ready! You are using Stripe API Version [2026-01-28.clover]. Your webhook signing secret is whsec_f408cf578d56b1719132f6fff7195584c877ded80fca577caf01274e849dfafb (^C to quit)
Session expired, reconnecting...
Ready! You are using Stripe API Version [2026-01-28.clover]. Your webhook signing secret is whsec_f408cf578d56b1719132f6fff7195584c877ded80fca577caf01274e849dfafb (^C to quit)
Session expired, reconnecting...
Ready! You are using Stripe API Version [2026-01-28.clover]. Your webhook signing secret is whsec_f408cf578d56b1719132f6fff7195584c877ded80fca577caf01274e849dfafb (^C to quit)
Session expired, reconnecting...
Ready! You are using Stripe API Version [2026-01-28.clover]. Your webhook signing secret is whsec_f408cf578d56b1719132f6fff7195584c877ded80fca577caf01274e849dfafb (^C to quit)
Session expired, reconnecting...
Ready! You are using Stripe API Version [2026-01-28.clover]. Your webhook signing secret is whsec_f408cf578d56b1719132f6fff7195584c877ded80fca577caf01274e849dfafb (^C to quit)
Session expired, reconnecting...
Ready! You are using Stripe API Version [2026-01-28.clover]. Your webhook signing secret is whsec_f408cf578d56b1719132f6fff7195584c877ded80fca577caf01274e849dfafb (^C to quit)
Session expired, reconnecting...
Ready! You are using Stripe API Version [2026-01-28.clover]. Your webhook signing secret is whsec_f408cf578d56b1719132f6fff7195584c877ded80fca577caf01274e849dfafb (^C to quit)
Session expired, reconnecting...
Ready! You are using Stripe API Version [2026-01-28.clover]. Your webhook signing secret is whsec_f408cf578d56b1719132f6fff7195584c877ded80fca577caf01274e849dfafb (^C to quit)
Session expired, reconnecting...
Ready! You are using Stripe API Version [2026-01-28.clover]. Your webhook signing secret is whsec_f408cf578d56b1719132f6fff7195584c877ded80fca577caf01274e849dfafb (^C to quit)
Session expired, reconnecting...
Ready! You are using Stripe API Version [2026-01-28.clover]. Your webhook signing secret is whsec_f408cf578d56b1719132f6fff7195584c877ded80fca577caf01274e849dfafb (^C to quit)
Session expired, reconnecting...
Ready! You are using Stripe API Version [2026-01-28.clover]. Your webhook signing secret is whsec_f408cf578d56b1719132f6fff7195584c877ded80fca577caf01274e849dfafb (^C to quit)
Session expired, reconnecting...
Ready! You are using Stripe API Version [2026-01-28.clover]. Your webhook signing secret is whsec_f408cf578d56b1719132f6fff7195584c877ded80fca577caf01274e849dfafb (^C to quit)
Session expired, reconnecting...
Ready! You are using Stripe API Version [2026-01-28.clover]. Your webhook signing secret is whsec_f408cf578d56b1719132f6fff7195584c877ded80fca577caf01274e849dfafb (^C to quit)
Session expired, reconnecting...
Ready! You are using Stripe API Version [2026-01-28.clover]. Your webhook signing secret is whsec_f408cf578d56b1719132f6fff7195584c877ded80fca577caf01274e849dfafb (^C to quit)
Session expired, reconnecting...
Ready! You are using Stripe API Version [2026-01-28.clover]. Your webhook signing secret is whsec_f408cf578d56b1719132f6fff7195584c877ded80fca577caf01274e849dfafb (^C to quit)
Session expired, reconnecting...
Ready! You are using Stripe API Version [2026-01-28.clover]. Your webhook signing secret is whsec_f408cf578d56b1719132f6fff7195584c877ded80fca577caf01274e849dfafb (^C to quit)
Session expired, reconnecting...
Ready! You are using Stripe API Version [2026-01-28.clover]. Your webhook signing secret is whsec_f408cf578d56b1719132f6fff7195584c877ded80fca577caf01274e849dfafb (^C to quit)
Session expired, reconnecting...
Ready! You are using Stripe API Version [2026-01-28.clover]. Your webhook signing secret is whsec_f408cf578d56b1719132f6fff7195584c877ded80fca577caf01274e849dfafb (^C to quit)
Session expired, reconnecting...
Ready! You are using Stripe API Version [2026-01-28.clover]. Your webhook signing secret is whsec_f408cf578d56b1719132f6fff7195584c877ded80fca577caf01274e849dfafb (^C to quit)
Session expired, reconnecting...
Ready! You are using Stripe API Version [2026-01-28.clover]. Your webhook signing secret is whsec_f408cf578d56b1719132f6fff7195584c877ded80fca577caf01274e849dfafb (^C to quit)
Session expired, reconnecting...
Ready! You are using Stripe API Version [2026-01-28.clover]. Your webhook signing secret is whsec_f408cf578d56b1719132f6fff7195584c877ded80fca577caf01274e849dfafb (^C to quit)
Session expired, reconnecting...
Ready! You are using Stripe API Version [2026-01-28.clover]. Your webhook signing secret is whsec_f408cf578d56b1719132f6fff7195584c877ded80fca577caf01274e849dfafb (^C to quit)
Session expired, reconnecting...
Ready! You are using Stripe API Version [2026-01-28.clover]. Your webhook signing secret is whsec_f408cf578d56b1719132f6fff7195584c877ded80fca577caf01274e849dfafb (^C to quit)
Session expired, reconnecting...
Ready! You are using Stripe API Version [2026-01-28.clover]. Your webhook signing secret is whsec_f408cf578d56b1719132f6fff7195584c877ded80fca577caf01274e849dfafb (^C to quit)
Session expired, reconnecting...
Ready! You are using Stripe API Version [2026-01-28.clover]. Your webhook signing secret is whsec_f408cf578d56b1719132f6fff7195584c877ded80fca577caf01274e849dfafb (^C to quit)
Session expired, reconnecting...
Ready! You are using Stripe API Version [2026-01-28.clover]. Your webhook signing secret is whsec_f408cf578d56b1719132f6fff7195584c877ded80fca577caf01274e849dfafb (^C to quit)
time="Thu, 19 Mar 2026 19:25:38 NZDT" level=error msg="Error when writing ping message: websocket: close sent" prefix=websocket.Client.writePump
time="Thu, 19 Mar 2026 20:35:36 NZDT" level=error msg="Error when writing ping message: websocket: close sent" prefix=websocket.Client.writePump
Session expired, reconnecting...
Ready! You are using Stripe API Version [2026-01-28.clover]. Your webhook signing secret is whsec_f408cf578d56b1719132f6fff7195584c877ded80fca577caf01274e849dfafb (^C to quit)
Session expired, reconnecting...
Ready! You are using Stripe API Version [2026-01-28.clover]. Your webhook signing secret is whsec_f408cf578d56b1719132f6fff7195584c877ded80fca577caf01274e849dfafb (^C to quit)
Session expired, reconnecting...
Ready! You are using Stripe API Version [2026-01-28.clover]. Your webhook signing secret is whsec_f408cf578d56b1719132f6fff7195584c877ded80fca577caf01274e849dfafb (^C to quit)
Session expired, reconnecting...
Ready! You are using Stripe API Version [2026-01-28.clover]. Your webhook signing secret is whsec_f408cf578d56b1719132f6fff7195584c877ded80fca577caf01274e849dfafb (^C to quit)
Session expired, reconnecting...
Ready! You are using Stripe API Version [2026-01-28.clover]. Your webhook signing secret is whsec_f408cf578d56b1719132f6fff7195584c877ded80fca577caf01274e849dfafb (^C to quit)
Session expired, reconnecting...
Ready! You are using Stripe API Version [2026-01-28.clover]. Your webhook signing secret is whsec_f408cf578d56b1719132f6fff7195584c877ded80fca577caf01274e849dfafb (^C to quit)
Session expired, reconnecting...
Ready! You are using Stripe API Version [2026-01-28.clover]. Your webhook signing secret is whsec_f408cf578d56b1719132f6fff7195584c877ded80fca577caf01274e849dfafb (^C to quit)
Session expired, reconnecting...
Ready! You are using Stripe API Version [2026-01-28.clover]. Your webhook signing secret is whsec_f408cf578d56b1719132f6fff7195584c877ded80fca577caf01274e849dfafb (^C to quit)
Session expired, reconnecting...
Ready! You are using Stripe API Version [2026-01-28.clover]. Your webhook signing secret is whsec_f408cf578d56b1719132f6fff7195584c877ded80fca577caf01274e849dfafb (^C to quit)
Session expired, reconnecting...
Ready! You are using Stripe API Version [2026-01-28.clover]. Your webhook signing secret is whsec_f408cf578d56b1719132f6fff7195584c877ded80fca577caf01274e849dfafb (^C to quit)
Session expired, reconnecting...
Ready! You are using Stripe API Version [2026-01-28.clover]. Your webhook signing secret is whsec_f408cf578d56b1719132f6fff7195584c877ded80fca577caf01274e849dfafb (^C to quit)
Session expired, reconnecting...
Ready! You are using Stripe API Version [2026-01-28.clover]. Your webhook signing secret is whsec_f408cf578d56b1719132f6fff7195584c877ded80fca577caf01274e849dfafb (^C to quit)
Session expired, reconnecting...
Ready! You are using Stripe API Version [2026-01-28.clover]. Your webhook signing secret is whsec_f408cf578d56b1719132f6fff7195584c877ded80fca577caf01274e849dfafb (^C to quit)
Session expired, reconnecting...
Ready! You are using Stripe API Version [2026-01-28.clover]. Your webhook signing secret is whsec_f408cf578d56b1719132f6fff7195584c877ded80fca577caf01274e849dfafb (^C to quit)
Session expired, reconnecting...
Ready! You are using Stripe API Version [2026-01-28.clover]. Your webhook signing secret is whsec_f408cf578d56b1719132f6fff7195584c877ded80fca577caf01274e849dfafb (^C to quit)
Session expired, reconnecting...
Ready! You are using Stripe API Version [2026-01-28.clover]. Your webhook signing secret is whsec_f408cf578d56b1719132f6fff7195584c877ded80fca577caf01274e849dfafb (^C to quit)
Session expired, reconnecting...
Ready! You are using Stripe API Version [2026-01-28.clover]. Your webhook signing secret is whsec_f408cf578d56b1719132f6fff7195584c877ded80fca577caf01274e849dfafb (^C to quit)
Session expired, reconnecting...
Ready! You are using Stripe API Version [2026-01-28.clover]. Your webhook signing secret is whsec_f408cf578d56b1719132f6fff7195584c877ded80fca577caf01274e849dfafb (^C to quit)
Session expired, reconnecting...
Ready! You are using Stripe API Version [2026-01-28.clover]. Your webhook signing secret is whsec_f408cf578d56b1719132f6fff7195584c877ded80fca577caf01274e849dfafb (^C to quit)
Session expired, reconnecting...
Ready! You are using Stripe API Version [2026-01-28.clover]. Your webhook signing secret is whsec_f408cf578d56b1719132f6fff7195584c877ded80fca577caf01274e849dfafb (^C to quit)
Session expired, reconnecting...
Ready! You are using Stripe API Version [2026-01-28.clover]. Your webhook signing secret is whsec_f408cf578d56b1719132f6fff7195584c877ded80fca577caf01274e849dfafb (^C to quit)
Session expired, reconnecting...
Ready! You are using Stripe API Version [2026-01-28.clover]. Your webhook signing secret is whsec_f408cf578d56b1719132f6fff7195584c877ded80fca577caf01274e849dfafb (^C to quit)
Session expired, reconnecting...
Ready! You are using Stripe API Version [2026-01-28.clover]. Your webhook signing secret is whsec_f408cf578d56b1719132f6fff7195584c877ded80fca577caf01274e849dfafb (^C to quit)
Session expired, reconnecting...
Ready! You are using Stripe API Version [2026-01-28.clover]. Your webhook signing secret is whsec_f408cf578d56b1719132f6fff7195584c877ded80fca577caf01274e849dfafb (^C to quit)

